<?xml version="1.0" encoding="UTF-8"?>
<!-- Generated by org.testng.reporters.JUnitReportReporter -->
<testsuite skipped="0" hostname="HiteshJani-PC" name="com.tests.FirstTest" tests="4" failures="0" timestamp="27 Sep 2018 00:33:45 GMT" time="34.607" errors="0">
  <testcase name="checkSearchList" time="1.513" classname="com.tests.FirstTest"/>
  <testcase name="searchText" time="0.336" classname="com.tests.FirstTest"/>
  <testcase name="checkHomePage" time="5.648" classname="com.tests.FirstTest"/>
  <testcase name="verifyDrug" time="27.110" classname="com.tests.FirstTest"/>
</testsuite> <!-- com.tests.FirstTest -->
